✅ 加载配对交易数据...
📈 标的数量: 2835
🗄️ 缓存齐全，跳过行情下载，直接读取本地。
⚙️ 缓存齐全，启用多进程计算 workers=6
进度 100/2835 ...
进度 200/2835 ...
进度 300/2835 ...
进度 400/2835 ...
进度 500/2835 ...
进度 600/2835 ...
进度 700/2835 ...
进度 800/2835 ...
进度 900/2835 ...
进度 1000/2835 ...
进度 1100/2835 ...
进度 1200/2835 ...
进度 1300/2835 ...
进度 1400/2835 ...
进度 1500/2835 ...
进度 1600/2835 ...
进度 1700/2835 ...
进度 1800/2835 ...
进度 1900/2835 ...
进度 2000/2835 ...
进度 2100/2835 ...
进度 2200/2835 ...
进度 2300/2835 ...
进度 2400/2835 ...
进度 2500/2835 ...
进度 2600/2835 ...
进度 2700/2835 ...
进度 2800/2835 ...
✅ 行情抓取与计算完成
样本数: global entry/exit = 4956827 4956827 ; short entry/exit = 2574024 2574019
💾 已写入结果缓存: data/cache/entry_exit_rank_baostock_result.json
🎯 输出: reports/entry_exit_rank_baostock_full.html reports/entry_exit_rank_baostock_full.txt
